2025-06-06 12:35:07 startup archives unpack
2025-06-06 12:35:07 install liberror-perl:all <none> 0.17029-1
2025-06-06 12:35:07 status half-installed liberror-perl:all 0.17029-1
2025-06-06 12:35:07 status triggers-pending man-db:amd64 2.9.4-2
2025-06-06 12:35:07 status unpacked liberror-perl:all 0.17029-1
2025-06-06 12:35:07 install git-man:all <none> 1:2.30.2-1+deb11u4
2025-06-06 12:35:07 status half-installed git-man:all 1:2.30.2-1+deb11u4
2025-06-06 12:35:08 status unpacked git-man:all 1:2.30.2-1+deb11u4
2025-06-06 12:35:08 install git:amd64 <none> 1:2.30.2-1+deb11u4
2025-06-06 12:35:08 status half-installed git:amd64 1:2.30.2-1+deb11u4
2025-06-06 12:35:10 status unpacked git:amd64 1:2.30.2-1+deb11u4
2025-06-06 12:35:10 install patch:amd64 <none> 2.7.6-7
2025-06-06 12:35:10 status half-installed patch:amd64 2.7.6-7
2025-06-06 12:35:10 status unpacked patch:amd64 2.7.6-7
2025-06-06 12:35:10 startup packages configure
2025-06-06 12:35:10 configure liberror-perl:all 0.17029-1 <none>
2025-06-06 12:35:10 status unpacked liberror-perl:all 0.17029-1
2025-06-06 12:35:10 status half-configured liberror-perl:all 0.17029-1
2025-06-06 12:35:10 status installed liberror-perl:all 0.17029-1
2025-06-06 12:35:10 configure patch:amd64 2.7.6-7 <none>
2025-06-06 12:35:10 status unpacked patch:amd64 2.7.6-7
2025-06-06 12:35:10 status half-configured patch:amd64 2.7.6-7
2025-06-06 12:35:10 status installed patch:amd64 2.7.6-7
2025-06-06 12:35:10 configure git-man:all 1:2.30.2-1+deb11u4 <none>
2025-06-06 12:35:10 status unpacked git-man:all 1:2.30.2-1+deb11u4
2025-06-06 12:35:10 status half-configured git-man:all 1:2.30.2-1+deb11u4
2025-06-06 12:35:10 status installed git-man:all 1:2.30.2-1+deb11u4
2025-06-06 12:35:10 configure git:amd64 1:2.30.2-1+deb11u4 <none>
2025-06-06 12:35:10 status unpacked git:amd64 1:2.30.2-1+deb11u4
2025-06-06 12:35:10 status half-configured git:amd64 1:2.30.2-1+deb11u4
2025-06-06 12:35:10 status installed git:amd64 1:2.30.2-1+deb11u4
2025-06-06 12:35:10 trigproc man-db:amd64 2.9.4-2 <none>
2025-06-06 12:35:10 status half-configured man-db:amd64 2.9.4-2
2025-06-06 12:35:11 status installed man-db:amd64 2.9.4-2
2025-06-07 15:34:37 startup archives unpack
2025-06-07 15:34:37 upgrade libc6:amd64 2.31-13+deb11u12 2.31-13+deb11u13
2025-06-07 15:34:37 status triggers-pending libc-bin:amd64 2.31-13+deb11u12
2025-06-07 15:34:37 status half-configured libc6:amd64 2.31-13+deb11u12
2025-06-07 15:34:37 status unpacked libc6:amd64 2.31-13+deb11u12
2025-06-07 15:34:37 status half-installed libc6:amd64 2.31-13+deb11u12
2025-06-07 15:34:40 status unpacked libc6:amd64 2.31-13+deb11u13
2025-06-07 15:34:40 startup packages configure
2025-06-07 15:34:40 configure libc6:amd64 2.31-13+deb11u13 <none>
2025-06-07 15:34:40 status unpacked libc6:amd64 2.31-13+deb11u13
2025-06-07 15:34:40 status half-configured libc6:amd64 2.31-13+deb11u13
2025-06-07 15:34:41 status installed libc6:amd64 2.31-13+deb11u13
2025-06-07 15:34:41 startup archives unpack
2025-06-07 15:34:41 upgrade libc-bin:amd64 2.31-13+deb11u12 2.31-13+deb11u13
2025-06-07 15:34:41 status half-configured libc-bin:amd64 2.31-13+deb11u12
2025-06-07 15:34:41 status unpacked libc-bin:amd64 2.31-13+deb11u12
2025-06-07 15:34:41 status half-installed libc-bin:amd64 2.31-13+deb11u12
2025-06-07 15:34:42 status triggers-pending man-db:amd64 2.9.4-2
2025-06-07 15:34:42 status unpacked libc-bin:amd64 2.31-13+deb11u13
2025-06-07 15:34:42 startup packages configure
2025-06-07 15:34:42 configure libc-bin:amd64 2.31-13+deb11u13 <none>
2025-06-07 15:34:42 status unpacked libc-bin:amd64 2.31-13+deb11u13
2025-06-07 15:34:42 status half-configured libc-bin:amd64 2.31-13+deb11u13
2025-06-07 15:34:42 status installed libc-bin:amd64 2.31-13+deb11u13
2025-06-07 15:34:42 startup archives unpack
2025-06-07 15:34:42 upgrade mariadb-common:all 1:10.5.28-0+deb11u2 1:10.5.29-0+deb11u1
2025-06-07 15:34:42 status half-configured mariadb-common:all 1:10.5.28-0+deb11u2
2025-06-07 15:34:42 status unpacked mariadb-common:all 1:10.5.28-0+deb11u2
2025-06-07 15:34:42 status half-installed mariadb-common:all 1:10.5.28-0+deb11u2
2025-06-07 15:34:42 status triggers-pending mariadb-server-10.5:amd64 1:10.5.28-0+deb11u2
2025-06-07 15:34:42 status unpacked mariadb-common:all 1:10.5.29-0+deb11u1
2025-06-07 15:34:42 upgrade libssl1.1:amd64 1.1.1w-0+deb11u2 1.1.1w-0+deb11u3
2025-06-07 15:34:42 status triggers-pending libc-bin:amd64 2.31-13+deb11u13
2025-06-07 15:34:42 status half-configured libssl1.1:amd64 1.1.1w-0+deb11u2
2025-06-07 15:34:42 status unpacked libssl1.1:amd64 1.1.1w-0+deb11u2
2025-06-07 15:34:42 status half-installed libssl1.1:amd64 1.1.1w-0+deb11u2
2025-06-07 15:34:43 status unpacked libssl1.1:amd64 1.1.1w-0+deb11u3
2025-06-07 15:34:43 startup packages configure
2025-06-07 15:34:43 configure libssl1.1:amd64 1.1.1w-0+deb11u3 <none>
2025-06-07 15:34:43 status unpacked libssl1.1:amd64 1.1.1w-0+deb11u3
2025-06-07 15:34:43 status half-configured libssl1.1:amd64 1.1.1w-0+deb11u3
2025-06-07 15:34:43 status installed libssl1.1:amd64 1.1.1w-0+deb11u3
2025-06-07 15:34:43 startup archives unpack
2025-06-07 15:34:43 upgrade libmariadb3:amd64 1:10.5.28-0+deb11u2 1:10.5.29-0+deb11u1
2025-06-07 15:34:43 status half-configured libmariadb3:amd64 1:10.5.28-0+deb11u2
2025-06-07 15:34:43 status unpacked libmariadb3:amd64 1:10.5.28-0+deb11u2
2025-06-07 15:34:43 status half-installed libmariadb3:amd64 1:10.5.28-0+deb11u2
2025-06-07 15:34:43 status unpacked libmariadb3:amd64 1:10.5.29-0+deb11u1
2025-06-07 15:34:43 upgrade mariadb-client-core-10.5:amd64 1:10.5.28-0+deb11u2 1:10.5.29-0+deb11u1
2025-06-07 15:34:43 status half-configured mariadb-client-core-10.5:amd64 1:10.5.28-0+deb11u2
2025-06-07 15:34:43 status unpacked mariadb-client-core-10.5:amd64 1:10.5.28-0+deb11u2
2025-06-07 15:34:43 status half-installed mariadb-client-core-10.5:amd64 1:10.5.28-0+deb11u2
2025-06-07 15:34:44 status unpacked mariadb-client-core-10.5:amd64 1:10.5.29-0+deb11u1
2025-06-07 15:34:44 upgrade mariadb-client-10.5:amd64 1:10.5.28-0+deb11u2 1:10.5.29-0+deb11u1
2025-06-07 15:34:44 status half-configured mariadb-client-10.5:amd64 1:10.5.28-0+deb11u2
2025-06-07 15:34:44 status unpacked mariadb-client-10.5:amd64 1:10.5.28-0+deb11u2
2025-06-07 15:34:44 status half-installed mariadb-client-10.5:amd64 1:10.5.28-0+deb11u2
2025-06-07 15:34:46 status unpacked mariadb-client-10.5:amd64 1:10.5.29-0+deb11u1
2025-06-07 15:34:46 upgrade mariadb-server-core-10.5:amd64 1:10.5.28-0+deb11u2 1:10.5.29-0+deb11u1
2025-06-07 15:34:46 status half-configured mariadb-server-core-10.5:amd64 1:10.5.28-0+deb11u2
2025-06-07 15:34:46 status unpacked mariadb-server-core-10.5:amd64 1:10.5.28-0+deb11u2
2025-06-07 15:34:46 status half-installed mariadb-server-core-10.5:amd64 1:10.5.28-0+deb11u2
2025-06-07 15:34:48 status unpacked mariadb-server-core-10.5:amd64 1:10.5.29-0+deb11u1
2025-06-07 15:34:48 startup packages configure
2025-06-07 15:34:48 configure mariadb-common:all 1:10.5.29-0+deb11u1 <none>
2025-06-07 15:34:48 status unpacked mariadb-common:all 1:10.5.29-0+deb11u1
2025-06-07 15:34:48 status half-configured mariadb-common:all 1:10.5.29-0+deb11u1
2025-06-07 15:34:48 status installed mariadb-common:all 1:10.5.29-0+deb11u1
2025-06-07 15:34:48 startup archives unpack
2025-06-07 15:34:48 upgrade mariadb-server-10.5:amd64 1:10.5.28-0+deb11u2 1:10.5.29-0+deb11u1
2025-06-07 15:34:48 status half-configured mariadb-server-10.5:amd64 1:10.5.28-0+deb11u2
2025-06-07 15:34:49 status unpacked mariadb-server-10.5:amd64 1:10.5.28-0+deb11u2
2025-06-07 15:34:49 status half-installed mariadb-server-10.5:amd64 1:10.5.28-0+deb11u2
2025-06-07 15:34:55 status unpacked mariadb-server-10.5:amd64 1:10.5.29-0+deb11u1
2025-06-07 15:34:56 upgrade libk5crypto3:amd64 1.18.3-6+deb11u6 1.18.3-6+deb11u7
2025-06-07 15:34:56 status half-configured libk5crypto3:amd64 1.18.3-6+deb11u6
2025-06-07 15:34:56 status unpacked libk5crypto3:amd64 1.18.3-6+deb11u6
2025-06-07 15:34:56 status half-installed libk5crypto3:amd64 1.18.3-6+deb11u6
2025-06-07 15:34:56 status unpacked libk5crypto3:amd64 1.18.3-6+deb11u7
2025-06-07 15:34:56 startup packages configure
2025-06-07 15:34:56 configure libk5crypto3:amd64 1.18.3-6+deb11u7 <none>
2025-06-07 15:34:56 status unpacked libk5crypto3:amd64 1.18.3-6+deb11u7
2025-06-07 15:34:56 status half-configured libk5crypto3:amd64 1.18.3-6+deb11u7
2025-06-07 15:34:56 status installed libk5crypto3:amd64 1.18.3-6+deb11u7
2025-06-07 15:34:56 startup archives unpack
2025-06-07 15:34:56 upgrade libkrb5support0:amd64 1.18.3-6+deb11u6 1.18.3-6+deb11u7
2025-06-07 15:34:56 status half-configured libkrb5support0:amd64 1.18.3-6+deb11u6
2025-06-07 15:34:56 status unpacked libkrb5support0:amd64 1.18.3-6+deb11u6
2025-06-07 15:34:56 status half-installed libkrb5support0:amd64 1.18.3-6+deb11u6
2025-06-07 15:34:56 status unpacked libkrb5support0:amd64 1.18.3-6+deb11u7
2025-06-07 15:34:56 startup packages configure
2025-06-07 15:34:56 configure libkrb5support0:amd64 1.18.3-6+deb11u7 <none>
2025-06-07 15:34:56 status unpacked libkrb5support0:amd64 1.18.3-6+deb11u7
2025-06-07 15:34:56 status half-configured libkrb5support0:amd64 1.18.3-6+deb11u7
2025-06-07 15:34:56 status installed libkrb5support0:amd64 1.18.3-6+deb11u7
2025-06-07 15:34:56 startup archives unpack
2025-06-07 15:34:56 upgrade libkrb5-3:amd64 1.18.3-6+deb11u6 1.18.3-6+deb11u7
2025-06-07 15:34:56 status half-configured libkrb5-3:amd64 1.18.3-6+deb11u6
2025-06-07 15:34:56 status unpacked libkrb5-3:amd64 1.18.3-6+deb11u6
2025-06-07 15:34:56 status half-installed libkrb5-3:amd64 1.18.3-6+deb11u6
2025-06-07 15:34:56 status unpacked libkrb5-3:amd64 1.18.3-6+deb11u7
2025-06-07 15:34:56 startup packages configure
2025-06-07 15:34:56 configure libkrb5-3:amd64 1.18.3-6+deb11u7 <none>
2025-06-07 15:34:56 status unpacked libkrb5-3:amd64 1.18.3-6+deb11u7
2025-06-07 15:34:56 status half-configured libkrb5-3:amd64 1.18.3-6+deb11u7
2025-06-07 15:34:57 status installed libkrb5-3:amd64 1.18.3-6+deb11u7
2025-06-07 15:34:57 startup archives unpack
2025-06-07 15:34:57 upgrade libgssapi-krb5-2:amd64 1.18.3-6+deb11u6 1.18.3-6+deb11u7
2025-06-07 15:34:57 status half-configured libgssapi-krb5-2:amd64 1.18.3-6+deb11u6
2025-06-07 15:34:57 status unpacked libgssapi-krb5-2:amd64 1.18.3-6+deb11u6
2025-06-07 15:34:57 status half-installed libgssapi-krb5-2:amd64 1.18.3-6+deb11u6
2025-06-07 15:34:57 status unpacked libgssapi-krb5-2:amd64 1.18.3-6+deb11u7
2025-06-07 15:34:57 startup packages configure
2025-06-07 15:34:57 configure libgssapi-krb5-2:amd64 1.18.3-6+deb11u7 <none>
2025-06-07 15:34:57 status unpacked libgssapi-krb5-2:amd64 1.18.3-6+deb11u7
2025-06-07 15:34:57 status half-configured libgssapi-krb5-2:amd64 1.18.3-6+deb11u7
2025-06-07 15:34:57 status installed libgssapi-krb5-2:amd64 1.18.3-6+deb11u7
2025-06-07 15:34:57 startup archives unpack
2025-06-07 15:34:57 upgrade krb5-locales:all 1.18.3-6+deb11u6 1.18.3-6+deb11u7
2025-06-07 15:34:57 status half-configured krb5-locales:all 1.18.3-6+deb11u6
2025-06-07 15:34:57 status unpacked krb5-locales:all 1.18.3-6+deb11u6
2025-06-07 15:34:57 status half-installed krb5-locales:all 1.18.3-6+deb11u6
2025-06-07 15:34:57 status unpacked krb5-locales:all 1.18.3-6+deb11u7
2025-06-07 15:34:57 upgrade libc-l10n:all 2.31-13+deb11u12 2.31-13+deb11u13
2025-06-07 15:34:57 status half-configured libc-l10n:all 2.31-13+deb11u12
2025-06-07 15:34:57 status unpacked libc-l10n:all 2.31-13+deb11u12
2025-06-07 15:34:58 status half-installed libc-l10n:all 2.31-13+deb11u12
2025-06-07 15:34:59 status unpacked libc-l10n:all 2.31-13+deb11u13
2025-06-07 15:34:59 upgrade locales:all 2.31-13+deb11u12 2.31-13+deb11u13
2025-06-07 15:34:59 status half-configured locales:all 2.31-13+deb11u12
2025-06-07 15:34:59 status unpacked locales:all 2.31-13+deb11u12
2025-06-07 15:34:59 status half-installed locales:all 2.31-13+deb11u12
2025-06-07 15:35:00 status unpacked locales:all 2.31-13+deb11u13
2025-06-07 15:35:00 upgrade mariadb-server:all 1:10.5.28-0+deb11u2 1:10.5.29-0+deb11u1
2025-06-07 15:35:00 status half-configured mariadb-server:all 1:10.5.28-0+deb11u2
2025-06-07 15:35:00 status unpacked mariadb-server:all 1:10.5.28-0+deb11u2
2025-06-07 15:35:00 status half-installed mariadb-server:all 1:10.5.28-0+deb11u2
2025-06-07 15:35:00 status unpacked mariadb-server:all 1:10.5.29-0+deb11u1
2025-06-07 15:35:00 upgrade net-tools:amd64 1.60+git20181103.0eebece-1+deb11u1 1.60+git20181103.0eebece-1+deb11u2
2025-06-07 15:35:00 status half-configured net-tools:amd64 1.60+git20181103.0eebece-1+deb11u1
2025-06-07 15:35:00 status unpacked net-tools:amd64 1.60+git20181103.0eebece-1+deb11u1
2025-06-07 15:35:00 status half-installed net-tools:amd64 1.60+git20181103.0eebece-1+deb11u1
2025-06-07 15:35:01 status unpacked net-tools:amd64 1.60+git20181103.0eebece-1+deb11u2
2025-06-07 15:35:01 upgrade openssl:amd64 1.1.1w-0+deb11u2 1.1.1w-0+deb11u3
2025-06-07 15:35:01 status half-configured openssl:amd64 1.1.1w-0+deb11u2
2025-06-07 15:35:01 status unpacked openssl:amd64 1.1.1w-0+deb11u2
2025-06-07 15:35:01 status half-installed openssl:amd64 1.1.1w-0+deb11u2
2025-06-07 15:35:01 status unpacked openssl:amd64 1.1.1w-0+deb11u3
2025-06-07 15:35:01 upgrade python3-pkg-resources:all 52.0.0-4+deb11u1 52.0.0-4+deb11u2
2025-06-07 15:35:01 status half-configured python3-pkg-resources:all 52.0.0-4+deb11u1
2025-06-07 15:35:01 status unpacked python3-pkg-resources:all 52.0.0-4+deb11u1
2025-06-07 15:35:01 status half-installed python3-pkg-resources:all 52.0.0-4+deb11u1
2025-06-07 15:35:01 status unpacked python3-pkg-resources:all 52.0.0-4+deb11u2
2025-06-07 15:35:01 startup packages configure
2025-06-07 15:35:01 configure python3-pkg-resources:all 52.0.0-4+deb11u2 <none>
2025-06-07 15:35:01 status unpacked python3-pkg-resources:all 52.0.0-4+deb11u2
2025-06-07 15:35:01 status half-configured python3-pkg-resources:all 52.0.0-4+deb11u2
2025-06-07 15:35:02 status installed python3-pkg-resources:all 52.0.0-4+deb11u2
2025-06-07 15:35:02 configure mariadb-server-core-10.5:amd64 1:10.5.29-0+deb11u1 <none>
2025-06-07 15:35:02 status unpacked mariadb-server-core-10.5:amd64 1:10.5.29-0+deb11u1
2025-06-07 15:35:02 status half-configured mariadb-server-core-10.5:amd64 1:10.5.29-0+deb11u1
2025-06-07 15:35:02 status installed mariadb-server-core-10.5:amd64 1:10.5.29-0+deb11u1
2025-06-07 15:35:02 configure net-tools:amd64 1.60+git20181103.0eebece-1+deb11u2 <none>
2025-06-07 15:35:02 status unpacked net-tools:amd64 1.60+git20181103.0eebece-1+deb11u2
2025-06-07 15:35:02 status half-configured net-tools:amd64 1.60+git20181103.0eebece-1+deb11u2
2025-06-07 15:35:02 status installed net-tools:amd64 1.60+git20181103.0eebece-1+deb11u2
2025-06-07 15:35:02 configure libc-l10n:all 2.31-13+deb11u13 <none>
2025-06-07 15:35:02 status unpacked libc-l10n:all 2.31-13+deb11u13
2025-06-07 15:35:02 status half-configured libc-l10n:all 2.31-13+deb11u13
2025-06-07 15:35:02 status installed libc-l10n:all 2.31-13+deb11u13
2025-06-07 15:35:02 configure krb5-locales:all 1.18.3-6+deb11u7 <none>
2025-06-07 15:35:02 status unpacked krb5-locales:all 1.18.3-6+deb11u7
2025-06-07 15:35:02 status half-configured krb5-locales:all 1.18.3-6+deb11u7
2025-06-07 15:35:02 status installed krb5-locales:all 1.18.3-6+deb11u7
2025-06-07 15:35:02 configure locales:all 2.31-13+deb11u13 <none>
2025-06-07 15:35:02 status unpacked locales:all 2.31-13+deb11u13
2025-06-07 15:35:02 status half-configured locales:all 2.31-13+deb11u13
2025-06-07 15:35:04 status installed locales:all 2.31-13+deb11u13
2025-06-07 15:35:04 configure libmariadb3:amd64 1:10.5.29-0+deb11u1 <none>
2025-06-07 15:35:04 status unpacked libmariadb3:amd64 1:10.5.29-0+deb11u1
2025-06-07 15:35:04 status half-configured libmariadb3:amd64 1:10.5.29-0+deb11u1
2025-06-07 15:35:04 status installed libmariadb3:amd64 1:10.5.29-0+deb11u1
2025-06-07 15:35:04 configure openssl:amd64 1.1.1w-0+deb11u3 <none>
2025-06-07 15:35:04 status unpacked openssl:amd64 1.1.1w-0+deb11u3
2025-06-07 15:35:04 status half-configured openssl:amd64 1.1.1w-0+deb11u3
2025-06-07 15:35:04 status installed openssl:amd64 1.1.1w-0+deb11u3
2025-06-07 15:35:04 configure mariadb-client-core-10.5:amd64 1:10.5.29-0+deb11u1 <none>
2025-06-07 15:35:04 status unpacked mariadb-client-core-10.5:amd64 1:10.5.29-0+deb11u1
2025-06-07 15:35:04 status half-configured mariadb-client-core-10.5:amd64 1:10.5.29-0+deb11u1
2025-06-07 15:35:04 status installed mariadb-client-core-10.5:amd64 1:10.5.29-0+deb11u1
2025-06-07 15:35:04 configure mariadb-client-10.5:amd64 1:10.5.29-0+deb11u1 <none>
2025-06-07 15:35:04 status unpacked mariadb-client-10.5:amd64 1:10.5.29-0+deb11u1
2025-06-07 15:35:04 status half-configured mariadb-client-10.5:amd64 1:10.5.29-0+deb11u1
2025-06-07 15:35:04 status installed mariadb-client-10.5:amd64 1:10.5.29-0+deb11u1
2025-06-07 15:35:04 configure mariadb-server-10.5:amd64 1:10.5.29-0+deb11u1 <none>
2025-06-07 15:35:04 status unpacked mariadb-server-10.5:amd64 1:10.5.29-0+deb11u1
2025-06-07 15:35:05 status half-configured mariadb-server-10.5:amd64 1:10.5.29-0+deb11u1
2025-06-07 15:35:06 status installed mariadb-server-10.5:amd64 1:10.5.29-0+deb11u1
2025-06-07 15:35:06 configure mariadb-server:all 1:10.5.29-0+deb11u1 <none>
2025-06-07 15:35:06 status unpacked mariadb-server:all 1:10.5.29-0+deb11u1
2025-06-07 15:35:06 status half-configured mariadb-server:all 1:10.5.29-0+deb11u1
2025-06-07 15:35:06 status installed mariadb-server:all 1:10.5.29-0+deb11u1
2025-06-07 15:35:06 trigproc man-db:amd64 2.9.4-2 <none>
2025-06-07 15:35:06 status half-configured man-db:amd64 2.9.4-2
2025-06-07 15:35:09 status installed man-db:amd64 2.9.4-2
2025-06-07 15:35:09 trigproc libc-bin:amd64 2.31-13+deb11u13 <none>
2025-06-07 15:35:09 status half-configured libc-bin:amd64 2.31-13+deb11u13
2025-06-07 15:35:09 status installed libc-bin:amd64 2.31-13+deb11u13
2025-06-08 21:27:28 startup archives unpack
2025-06-08 21:27:29 install libapache2-mod-php:all <none> 2:7.4+76
2025-06-08 21:27:29 status half-installed libapache2-mod-php:all 2:7.4+76
2025-06-08 21:27:29 status unpacked libapache2-mod-php:all 2:7.4+76
2025-06-08 21:27:29 startup packages configure
2025-06-08 21:27:29 configure libapache2-mod-php:all 2:7.4+76 <none>
2025-06-08 21:27:29 status unpacked libapache2-mod-php:all 2:7.4+76
2025-06-08 21:27:29 status half-configured libapache2-mod-php:all 2:7.4+76
2025-06-08 21:27:29 status installed libapache2-mod-php:all 2:7.4+76
2025-06-08 22:09:48 startup packages remove
2025-06-08 22:09:48 status installed apache2:amd64 2.4.62-1~deb11u2
2025-06-08 22:09:48 remove apache2:amd64 2.4.62-1~deb11u2 <none>
2025-06-08 22:09:48 status half-configured apache2:amd64 2.4.62-1~deb11u2
2025-06-08 22:09:49 status half-installed apache2:amd64 2.4.62-1~deb11u2
2025-06-08 22:09:49 status triggers-pending man-db:amd64 2.9.4-2
2025-06-08 22:09:49 status config-files apache2:amd64 2.4.62-1~deb11u2
2025-06-08 22:09:49 status installed libapache2-mod-php:all 2:7.4+76
2025-06-08 22:09:49 remove libapache2-mod-php:all 2:7.4+76 <none>
2025-06-08 22:09:49 status half-configured libapache2-mod-php:all 2:7.4+76
2025-06-08 22:09:49 status half-installed libapache2-mod-php:all 2:7.4+76
2025-06-08 22:09:49 status config-files libapache2-mod-php:all 2:7.4+76
2025-06-08 22:09:49 status not-installed libapache2-mod-php:all <none>
2025-06-08 22:09:49 status installed php:all 2:7.4+76
2025-06-08 22:09:49 remove php:all 2:7.4+76 <none>
2025-06-08 22:09:49 status half-configured php:all 2:7.4+76
2025-06-08 22:09:49 status half-installed php:all 2:7.4+76
2025-06-08 22:09:49 status config-files php:all 2:7.4+76
2025-06-08 22:09:49 status not-installed php:all <none>
2025-06-08 22:09:50 startup packages configure
2025-06-08 22:09:50 trigproc man-db:amd64 2.9.4-2 <none>
2025-06-08 22:09:50 status half-configured man-db:amd64 2.9.4-2
2025-06-08 22:09:50 status installed man-db:amd64 2.9.4-2
2025-06-08 22:09:50 startup packages purge
2025-06-08 22:09:50 purge apache2:amd64 2.4.62-1~deb11u2 <none>
2025-06-08 22:09:50 status config-files apache2:amd64 2.4.62-1~deb11u2
2025-06-08 22:09:51 status not-installed apache2:amd64 <none>
2025-06-08 22:09:51 startup packages configure
2025-06-08 22:10:15 startup packages remove
2025-06-08 22:10:15 status installed php7.4:all 7.4.33-1+deb11u8
2025-06-08 22:10:15 remove php7.4:all 7.4.33-1+deb11u8 <none>
2025-06-08 22:10:15 status half-configured php7.4:all 7.4.33-1+deb11u8
2025-06-08 22:10:15 status half-installed php7.4:all 7.4.33-1+deb11u8
2025-06-08 22:10:15 status config-files php7.4:all 7.4.33-1+deb11u8
2025-06-08 22:10:15 status not-installed php7.4:all <none>
2025-06-08 22:10:15 status installed libapache2-mod-php7.4:amd64 7.4.33-1+deb11u8
2025-06-08 22:10:15 remove libapache2-mod-php7.4:amd64 7.4.33-1+deb11u8 <none>
2025-06-08 22:10:15 status half-configured libapache2-mod-php7.4:amd64 7.4.33-1+deb11u8
2025-06-08 22:10:15 status half-installed libapache2-mod-php7.4:amd64 7.4.33-1+deb11u8
2025-06-08 22:10:15 status config-files libapache2-mod-php7.4:amd64 7.4.33-1+deb11u8
2025-06-08 22:10:16 status installed apache2-bin:amd64 2.4.62-1~deb11u2
2025-06-08 22:10:16 remove apache2-bin:amd64 2.4.62-1~deb11u2 <none>
2025-06-08 22:10:16 status half-configured apache2-bin:amd64 2.4.62-1~deb11u2
2025-06-08 22:10:16 status half-installed apache2-bin:amd64 2.4.62-1~deb11u2
2025-06-08 22:10:16 status triggers-pending man-db:amd64 2.9.4-2
2025-06-08 22:10:16 status config-files apache2-bin:amd64 2.4.62-1~deb11u2
2025-06-08 22:10:16 status not-installed apache2-bin:amd64 <none>
2025-06-08 22:10:16 status installed apache2-data:all 2.4.62-1~deb11u2
2025-06-08 22:10:16 remove apache2-data:all 2.4.62-1~deb11u2 <none>
2025-06-08 22:10:16 status half-configured apache2-data:all 2.4.62-1~deb11u2
2025-06-08 22:10:16 status half-installed apache2-data:all 2.4.62-1~deb11u2
2025-06-08 22:10:16 status config-files apache2-data:all 2.4.62-1~deb11u2
2025-06-08 22:10:16 status not-installed apache2-data:all <none>
2025-06-08 22:10:16 status installed apache2-utils:amd64 2.4.62-1~deb11u2
2025-06-08 22:10:16 remove apache2-utils:amd64 2.4.62-1~deb11u2 <none>
2025-06-08 22:10:16 status half-configured apache2-utils:amd64 2.4.62-1~deb11u2
2025-06-08 22:10:16 status half-installed apache2-utils:amd64 2.4.62-1~deb11u2
2025-06-08 22:10:16 status config-files apache2-utils:amd64 2.4.62-1~deb11u2
2025-06-08 22:10:16 status not-installed apache2-utils:amd64 <none>
2025-06-08 22:10:16 status installed libaprutil1-ldap:amd64 1.6.1-5+deb11u1
2025-06-08 22:10:16 remove libaprutil1-ldap:amd64 1.6.1-5+deb11u1 <none>
2025-06-08 22:10:16 status half-configured libaprutil1-ldap:amd64 1.6.1-5+deb11u1
2025-06-08 22:10:16 status half-installed libaprutil1-ldap:amd64 1.6.1-5+deb11u1
2025-06-08 22:10:16 status config-files libaprutil1-ldap:amd64 1.6.1-5+deb11u1
2025-06-08 22:10:16 status not-installed libaprutil1-ldap:amd64 <none>
2025-06-08 22:10:16 status installed libaprutil1-dbd-sqlite3:amd64 1.6.1-5+deb11u1
2025-06-08 22:10:16 remove libaprutil1-dbd-sqlite3:amd64 1.6.1-5+deb11u1 <none>
2025-06-08 22:10:16 status half-configured libaprutil1-dbd-sqlite3:amd64 1.6.1-5+deb11u1
2025-06-08 22:10:16 status half-installed libaprutil1-dbd-sqlite3:amd64 1.6.1-5+deb11u1
2025-06-08 22:10:16 status config-files libaprutil1-dbd-sqlite3:amd64 1.6.1-5+deb11u1
2025-06-08 22:10:16 status not-installed libaprutil1-dbd-sqlite3:amd64 <none>
2025-06-08 22:10:16 status installed libaprutil1:amd64 1.6.1-5+deb11u1
2025-06-08 22:10:16 remove libaprutil1:amd64 1.6.1-5+deb11u1 <none>
2025-06-08 22:10:16 status triggers-pending libc-bin:amd64 2.31-13+deb11u13
2025-06-08 22:10:16 status half-configured libaprutil1:amd64 1.6.1-5+deb11u1
2025-06-08 22:10:16 status half-installed libaprutil1:amd64 1.6.1-5+deb11u1
2025-06-08 22:10:16 status config-files libaprutil1:amd64 1.6.1-5+deb11u1
2025-06-08 22:10:16 status not-installed libaprutil1:amd64 <none>
2025-06-08 22:10:16 status installed libapr1:amd64 1.7.0-6+deb11u2
2025-06-08 22:10:16 remove libapr1:amd64 1.7.0-6+deb11u2 <none>
2025-06-08 22:10:16 status half-configured libapr1:amd64 1.7.0-6+deb11u2
2025-06-08 22:10:16 status half-installed libapr1:amd64 1.7.0-6+deb11u2
2025-06-08 22:10:16 status config-files libapr1:amd64 1.7.0-6+deb11u2
2025-06-08 22:10:16 status not-installed libapr1:amd64 <none>
2025-06-08 22:10:16 status installed libjansson4:amd64 2.13.1-1.1
2025-06-08 22:10:16 remove libjansson4:amd64 2.13.1-1.1 <none>
2025-06-08 22:10:16 status half-configured libjansson4:amd64 2.13.1-1.1
2025-06-08 22:10:16 status half-installed libjansson4:amd64 2.13.1-1.1
2025-06-08 22:10:16 status config-files libjansson4:amd64 2.13.1-1.1
2025-06-08 22:10:16 status not-installed libjansson4:amd64 <none>
2025-06-08 22:10:16 status installed liblua5.3-0:amd64 5.3.3-1.1+deb11u1
2025-06-08 22:10:16 remove liblua5.3-0:amd64 5.3.3-1.1+deb11u1 <none>
2025-06-08 22:10:16 status half-configured liblua5.3-0:amd64 5.3.3-1.1+deb11u1
2025-06-08 22:10:16 status half-installed liblua5.3-0:amd64 5.3.3-1.1+deb11u1
2025-06-08 22:10:16 status config-files liblua5.3-0:amd64 5.3.3-1.1+deb11u1
2025-06-08 22:10:16 status not-installed liblua5.3-0:amd64 <none>
2025-06-08 22:10:16 status installed php7.4-cli:amd64 7.4.33-1+deb11u8
2025-06-08 22:10:16 remove php7.4-cli:amd64 7.4.33-1+deb11u8 <none>
2025-06-08 22:10:16 status half-configured php7.4-cli:amd64 7.4.33-1+deb11u8
2025-06-08 22:10:17 status half-installed php7.4-cli:amd64 7.4.33-1+deb11u8
2025-06-08 22:10:17 status config-files php7.4-cli:amd64 7.4.33-1+deb11u8
2025-06-08 22:10:17 status installed libsodium23:amd64 1.0.18-1
2025-06-08 22:10:17 remove libsodium23:amd64 1.0.18-1 <none>
2025-06-08 22:10:17 status half-configured libsodium23:amd64 1.0.18-1
2025-06-08 22:10:17 status half-installed libsodium23:amd64 1.0.18-1
2025-06-08 22:10:17 status config-files libsodium23:amd64 1.0.18-1
2025-06-08 22:10:17 status not-installed libsodium23:amd64 <none>
2025-06-08 22:10:17 status installed linux-image-4.19.0-9-amd64:amd64 4.19.118-2
2025-06-08 22:10:17 remove linux-image-4.19.0-9-amd64:amd64 4.19.118-2 <none>
2025-06-08 22:10:17 status half-configured linux-image-4.19.0-9-amd64:amd64 4.19.118-2
2025-06-08 22:10:17 status half-installed linux-image-4.19.0-9-amd64:amd64 4.19.118-2
2025-06-08 22:10:21 status config-files linux-image-4.19.0-9-amd64:amd64 4.19.118-2
2025-06-08 22:10:21 status installed php7.4-readline:amd64 7.4.33-1+deb11u8
2025-06-08 22:10:21 remove php7.4-readline:amd64 7.4.33-1+deb11u8 <none>
2025-06-08 22:10:21 status half-configured php7.4-readline:amd64 7.4.33-1+deb11u8
2025-06-08 22:10:21 status half-installed php7.4-readline:amd64 7.4.33-1+deb11u8
2025-06-08 22:10:21 status config-files php7.4-readline:amd64 7.4.33-1+deb11u8
2025-06-08 22:10:21 status installed php7.4-opcache:amd64 7.4.33-1+deb11u8
2025-06-08 22:10:21 remove php7.4-opcache:amd64 7.4.33-1+deb11u8 <none>
2025-06-08 22:10:21 status half-configured php7.4-opcache:amd64 7.4.33-1+deb11u8
2025-06-08 22:10:21 status half-installed php7.4-opcache:amd64 7.4.33-1+deb11u8
2025-06-08 22:10:21 status config-files php7.4-opcache:amd64 7.4.33-1+deb11u8
2025-06-08 22:10:21 status installed php-common:all 2:76
2025-06-08 22:10:21 status installed php7.4-json:amd64 7.4.33-1+deb11u8
2025-06-08 22:10:21 remove php7.4-json:amd64 7.4.33-1+deb11u8 <none>
2025-06-08 22:10:21 status half-configured php7.4-json:amd64 7.4.33-1+deb11u8
2025-06-08 22:10:21 status half-installed php7.4-json:amd64 7.4.33-1+deb11u8
2025-06-08 22:10:21 status config-files php7.4-json:amd64 7.4.33-1+deb11u8
2025-06-08 22:10:21 status installed php7.4-common:amd64 7.4.33-1+deb11u8
2025-06-08 22:10:21 remove php7.4-common:amd64 7.4.33-1+deb11u8 <none>
2025-06-08 22:10:21 status half-configured php7.4-common:amd64 7.4.33-1+deb11u8
2025-06-08 22:10:21 status half-installed php7.4-common:amd64 7.4.33-1+deb11u8
2025-06-08 22:10:21 status config-files php7.4-common:amd64 7.4.33-1+deb11u8
2025-06-08 22:10:22 status installed ssl-cert:all 1.1.0+nmu1
2025-06-08 22:10:22 remove ssl-cert:all 1.1.0+nmu1 <none>
2025-06-08 22:10:22 status half-configured ssl-cert:all 1.1.0+nmu1
2025-06-08 22:10:22 status half-installed ssl-cert:all 1.1.0+nmu1
2025-06-08 22:10:22 status config-files ssl-cert:all 1.1.0+nmu1
2025-06-08 22:10:22 remove php-common:all 2:76 <none>
2025-06-08 22:10:22 status half-configured php-common:all 2:76
2025-06-08 22:10:22 status half-installed php-common:all 2:76
2025-06-08 22:10:23 status config-files php-common:all 2:76
2025-06-08 22:10:23 startup packages configure
2025-06-08 22:10:23 trigproc man-db:amd64 2.9.4-2 <none>
2025-06-08 22:10:23 status half-configured man-db:amd64 2.9.4-2
2025-06-08 22:10:24 status installed man-db:amd64 2.9.4-2
2025-06-08 22:10:24 trigproc libc-bin:amd64 2.31-13+deb11u13 <none>
2025-06-08 22:10:24 status half-configured libc-bin:amd64 2.31-13+deb11u13
2025-06-08 22:10:24 status installed libc-bin:amd64 2.31-13+deb11u13
2025-06-08 22:10:24 startup packages purge
2025-06-08 22:10:24 purge libapache2-mod-php7.4:amd64 7.4.33-1+deb11u8 <none>
2025-06-08 22:10:24 status config-files libapache2-mod-php7.4:amd64 7.4.33-1+deb11u8
2025-06-08 22:10:24 status not-installed libapache2-mod-php7.4:amd64 <none>
2025-06-08 22:10:24 purge php-common:all 2:76 <none>
2025-06-08 22:10:24 status config-files php-common:all 2:76
2025-06-08 22:10:25 status not-installed php-common:all <none>
2025-06-08 22:10:25 purge linux-image-4.19.0-9-amd64:amd64 4.19.118-2 <none>
2025-06-08 22:10:25 status config-files linux-image-4.19.0-9-amd64:amd64 4.19.118-2
2025-06-08 22:10:25 status not-installed linux-image-4.19.0-9-amd64:amd64 <none>
2025-06-08 22:10:25 purge php7.4-json:amd64 7.4.33-1+deb11u8 <none>
2025-06-08 22:10:25 status config-files php7.4-json:amd64 7.4.33-1+deb11u8
2025-06-08 22:10:25 status not-installed php7.4-json:amd64 <none>
2025-06-08 22:10:25 purge php7.4-common:amd64 7.4.33-1+deb11u8 <none>
2025-06-08 22:10:25 status config-files php7.4-common:amd64 7.4.33-1+deb11u8
2025-06-08 22:10:26 status not-installed php7.4-common:amd64 <none>
2025-06-08 22:10:26 purge php7.4-readline:amd64 7.4.33-1+deb11u8 <none>
2025-06-08 22:10:26 status config-files php7.4-readline:amd64 7.4.33-1+deb11u8
2025-06-08 22:10:26 status not-installed php7.4-readline:amd64 <none>
2025-06-08 22:10:26 purge php7.4-cli:amd64 7.4.33-1+deb11u8 <none>
2025-06-08 22:10:26 status config-files php7.4-cli:amd64 7.4.33-1+deb11u8
2025-06-08 22:10:27 status not-installed php7.4-cli:amd64 <none>
2025-06-08 22:10:27 purge ssl-cert:all 1.1.0+nmu1 <none>
2025-06-08 22:10:27 status config-files ssl-cert:all 1.1.0+nmu1
2025-06-08 22:10:27 status not-installed ssl-cert:all <none>
2025-06-08 22:10:27 purge php7.4-opcache:amd64 7.4.33-1+deb11u8 <none>
2025-06-08 22:10:27 status config-files php7.4-opcache:amd64 7.4.33-1+deb11u8
2025-06-08 22:10:27 status not-installed php7.4-opcache:amd64 <none>
2025-06-08 22:10:27 startup packages configure
2025-06-08 22:11:01 startup archives unpack
2025-06-08 22:11:01 install libapr1:amd64 <none> 1.7.0-6+deb11u2
2025-06-08 22:11:01 status triggers-pending libc-bin:amd64 2.31-13+deb11u13
2025-06-08 22:11:01 status half-installed libapr1:amd64 1.7.0-6+deb11u2
2025-06-08 22:11:01 status unpacked libapr1:amd64 1.7.0-6+deb11u2
2025-06-08 22:11:01 install libaprutil1:amd64 <none> 1.6.1-5+deb11u1
2025-06-08 22:11:01 status half-installed libaprutil1:amd64 1.6.1-5+deb11u1
2025-06-08 22:11:01 status unpacked libaprutil1:amd64 1.6.1-5+deb11u1
2025-06-08 22:11:01 install libaprutil1-dbd-sqlite3:amd64 <none> 1.6.1-5+deb11u1
2025-06-08 22:11:01 status half-installed libaprutil1-dbd-sqlite3:amd64 1.6.1-5+deb11u1
2025-06-08 22:11:01 status unpacked libaprutil1-dbd-sqlite3:amd64 1.6.1-5+deb11u1
2025-06-08 22:11:01 install libaprutil1-ldap:amd64 <none> 1.6.1-5+deb11u1
2025-06-08 22:11:01 status half-installed libaprutil1-ldap:amd64 1.6.1-5+deb11u1
2025-06-08 22:11:01 status unpacked libaprutil1-ldap:amd64 1.6.1-5+deb11u1
2025-06-08 22:11:01 install libjansson4:amd64 <none> 2.13.1-1.1
2025-06-08 22:11:01 status half-installed libjansson4:amd64 2.13.1-1.1
2025-06-08 22:11:01 status unpacked libjansson4:amd64 2.13.1-1.1
2025-06-08 22:11:01 install liblua5.3-0:amd64 <none> 5.3.3-1.1+deb11u1
2025-06-08 22:11:01 status half-installed liblua5.3-0:amd64 5.3.3-1.1+deb11u1
2025-06-08 22:11:01 status unpacked liblua5.3-0:amd64 5.3.3-1.1+deb11u1
2025-06-08 22:11:02 install apache2-bin:amd64 <none> 2.4.62-1~deb11u2
2025-06-08 22:11:02 status half-installed apache2-bin:amd64 2.4.62-1~deb11u2
2025-06-08 22:11:02 status triggers-pending man-db:amd64 2.9.4-2
2025-06-08 22:11:02 status unpacked apache2-bin:amd64 2.4.62-1~deb11u2
2025-06-08 22:11:02 install apache2-data:all <none> 2.4.62-1~deb11u2
2025-06-08 22:11:02 status half-installed apache2-data:all 2.4.62-1~deb11u2
2025-06-08 22:11:03 status unpacked apache2-data:all 2.4.62-1~deb11u2
2025-06-08 22:11:03 install apache2-utils:amd64 <none> 2.4.62-1~deb11u2
2025-06-08 22:11:03 status half-installed apache2-utils:amd64 2.4.62-1~deb11u2
2025-06-08 22:11:03 status unpacked apache2-utils:amd64 2.4.62-1~deb11u2
2025-06-08 22:11:03 install apache2:amd64 <none> 2.4.62-1~deb11u2
2025-06-08 22:11:03 status half-installed apache2:amd64 2.4.62-1~deb11u2
2025-06-08 22:11:03 status unpacked apache2:amd64 2.4.62-1~deb11u2
2025-06-08 22:11:04 install php-common:all <none> 2:76
2025-06-08 22:11:04 status half-installed php-common:all 2:76
2025-06-08 22:11:04 status unpacked php-common:all 2:76
2025-06-08 22:11:04 install php7.4-common:amd64 <none> 7.4.33-1+deb11u8
2025-06-08 22:11:04 status half-installed php7.4-common:amd64 7.4.33-1+deb11u8
2025-06-08 22:11:04 status unpacked php7.4-common:amd64 7.4.33-1+deb11u8
2025-06-08 22:11:04 install php7.4-json:amd64 <none> 7.4.33-1+deb11u8
2025-06-08 22:11:04 status half-installed php7.4-json:amd64 7.4.33-1+deb11u8
2025-06-08 22:11:04 status unpacked php7.4-json:amd64 7.4.33-1+deb11u8
2025-06-08 22:11:04 install php7.4-opcache:amd64 <none> 7.4.33-1+deb11u8
2025-06-08 22:11:04 status half-installed php7.4-opcache:amd64 7.4.33-1+deb11u8
2025-06-08 22:11:05 status unpacked php7.4-opcache:amd64 7.4.33-1+deb11u8
2025-06-08 22:11:05 install php7.4-readline:amd64 <none> 7.4.33-1+deb11u8
2025-06-08 22:11:05 status half-installed php7.4-readline:amd64 7.4.33-1+deb11u8
2025-06-08 22:11:05 status unpacked php7.4-readline:amd64 7.4.33-1+deb11u8
2025-06-08 22:11:05 install libsodium23:amd64 <none> 1.0.18-1
2025-06-08 22:11:05 status half-installed libsodium23:amd64 1.0.18-1
2025-06-08 22:11:05 status unpacked libsodium23:amd64 1.0.18-1
2025-06-08 22:11:05 install php7.4-cli:amd64 <none> 7.4.33-1+deb11u8
2025-06-08 22:11:05 status half-installed php7.4-cli:amd64 7.4.33-1+deb11u8
2025-06-08 22:11:06 status unpacked php7.4-cli:amd64 7.4.33-1+deb11u8
2025-06-08 22:11:06 install libapache2-mod-php7.4:amd64 <none> 7.4.33-1+deb11u8
2025-06-08 22:11:06 status half-installed libapache2-mod-php7.4:amd64 7.4.33-1+deb11u8
2025-06-08 22:11:06 status unpacked libapache2-mod-php7.4:amd64 7.4.33-1+deb11u8
2025-06-08 22:11:06 install libapache2-mod-php:all <none> 2:7.4+76
2025-06-08 22:11:06 status half-installed libapache2-mod-php:all 2:7.4+76
2025-06-08 22:11:06 status unpacked libapache2-mod-php:all 2:7.4+76
2025-06-08 22:11:06 install php7.4:all <none> 7.4.33-1+deb11u8
2025-06-08 22:11:06 status half-installed php7.4:all 7.4.33-1+deb11u8
2025-06-08 22:11:06 status unpacked php7.4:all 7.4.33-1+deb11u8
2025-06-08 22:11:06 install php:all <none> 2:7.4+76
2025-06-08 22:11:06 status half-installed php:all 2:7.4+76
2025-06-08 22:11:06 status unpacked php:all 2:7.4+76
2025-06-08 22:11:06 install ssl-cert:all <none> 1.1.0+nmu1
2025-06-08 22:11:06 status half-installed ssl-cert:all 1.1.0+nmu1
2025-06-08 22:11:06 status unpacked ssl-cert:all 1.1.0+nmu1
2025-06-08 22:11:06 startup packages configure
2025-06-08 22:11:06 configure php-common:all 2:76 <none>
2025-06-08 22:11:06 status unpacked php-common:all 2:76
2025-06-08 22:11:06 status half-configured php-common:all 2:76
2025-06-08 22:11:07 status installed php-common:all 2:76
2025-06-08 22:11:07 configure libsodium23:amd64 1.0.18-1 <none>
2025-06-08 22:11:07 status unpacked libsodium23:amd64 1.0.18-1
2025-06-08 22:11:07 status half-configured libsodium23:amd64 1.0.18-1
2025-06-08 22:11:07 status installed libsodium23:amd64 1.0.18-1
2025-06-08 22:11:07 configure php7.4-common:amd64 7.4.33-1+deb11u8 <none>
2025-06-08 22:11:07 status unpacked php7.4-common:amd64 7.4.33-1+deb11u8
2025-06-08 22:11:07 status half-configured php7.4-common:amd64 7.4.33-1+deb11u8
2025-06-08 22:11:13 status installed php7.4-common:amd64 7.4.33-1+deb11u8
2025-06-08 22:11:13 configure libapr1:amd64 1.7.0-6+deb11u2 <none>
2025-06-08 22:11:13 status unpacked libapr1:amd64 1.7.0-6+deb11u2
2025-06-08 22:11:13 status half-configured libapr1:amd64 1.7.0-6+deb11u2
2025-06-08 22:11:13 status installed libapr1:amd64 1.7.0-6+deb11u2
2025-06-08 22:11:13 configure php7.4-readline:amd64 7.4.33-1+deb11u8 <none>
2025-06-08 22:11:13 status unpacked php7.4-readline:amd64 7.4.33-1+deb11u8
2025-06-08 22:11:13 status half-configured php7.4-readline:amd64 7.4.33-1+deb11u8
2025-06-08 22:11:14 status installed php7.4-readline:amd64 7.4.33-1+deb11u8
2025-06-08 22:11:14 configure libjansson4:amd64 2.13.1-1.1 <none>
2025-06-08 22:11:14 status unpacked libjansson4:amd64 2.13.1-1.1
2025-06-08 22:11:14 status half-configured libjansson4:amd64 2.13.1-1.1
2025-06-08 22:11:14 status installed libjansson4:amd64 2.13.1-1.1
2025-06-08 22:11:14 configure ssl-cert:all 1.1.0+nmu1 <none>
2025-06-08 22:11:14 status unpacked ssl-cert:all 1.1.0+nmu1
2025-06-08 22:11:14 status half-configured ssl-cert:all 1.1.0+nmu1
2025-06-08 22:11:14 status installed ssl-cert:all 1.1.0+nmu1
2025-06-08 22:11:14 configure liblua5.3-0:amd64 5.3.3-1.1+deb11u1 <none>
2025-06-08 22:11:14 status unpacked liblua5.3-0:amd64 5.3.3-1.1+deb11u1
2025-06-08 22:11:14 status half-configured liblua5.3-0:amd64 5.3.3-1.1+deb11u1
2025-06-08 22:11:14 status installed liblua5.3-0:amd64 5.3.3-1.1+deb11u1
2025-06-08 22:11:14 configure php7.4-opcache:amd64 7.4.33-1+deb11u8 <none>
2025-06-08 22:11:14 status unpacked php7.4-opcache:amd64 7.4.33-1+deb11u8
2025-06-08 22:11:14 status half-configured php7.4-opcache:amd64 7.4.33-1+deb11u8
2025-06-08 22:11:14 status installed php7.4-opcache:amd64 7.4.33-1+deb11u8
2025-06-08 22:11:14 configure apache2-data:all 2.4.62-1~deb11u2 <none>
2025-06-08 22:11:14 status unpacked apache2-data:all 2.4.62-1~deb11u2
2025-06-08 22:11:14 status half-configured apache2-data:all 2.4.62-1~deb11u2
2025-06-08 22:11:14 status installed apache2-data:all 2.4.62-1~deb11u2
2025-06-08 22:11:14 configure libaprutil1:amd64 1.6.1-5+deb11u1 <none>
2025-06-08 22:11:14 status unpacked libaprutil1:amd64 1.6.1-5+deb11u1
2025-06-08 22:11:14 status half-configured libaprutil1:amd64 1.6.1-5+deb11u1
2025-06-08 22:11:14 status installed libaprutil1:amd64 1.6.1-5+deb11u1
2025-06-08 22:11:14 configure php7.4-json:amd64 7.4.33-1+deb11u8 <none>
2025-06-08 22:11:14 status unpacked php7.4-json:amd64 7.4.33-1+deb11u8
2025-06-08 22:11:14 status half-configured php7.4-json:amd64 7.4.33-1+deb11u8
2025-06-08 22:11:15 status installed php7.4-json:amd64 7.4.33-1+deb11u8
2025-06-08 22:11:15 configure php7.4-cli:amd64 7.4.33-1+deb11u8 <none>
2025-06-08 22:11:15 status unpacked php7.4-cli:amd64 7.4.33-1+deb11u8
2025-06-08 22:11:15 status half-configured php7.4-cli:amd64 7.4.33-1+deb11u8
2025-06-08 22:11:15 status installed php7.4-cli:amd64 7.4.33-1+deb11u8
2025-06-08 22:11:15 status triggers-pending php7.4-cli:amd64 7.4.33-1+deb11u8
2025-06-08 22:11:15 configure libaprutil1-ldap:amd64 1.6.1-5+deb11u1 <none>
2025-06-08 22:11:15 status unpacked libaprutil1-ldap:amd64 1.6.1-5+deb11u1
2025-06-08 22:11:15 status half-configured libaprutil1-ldap:amd64 1.6.1-5+deb11u1
2025-06-08 22:11:15 status installed libaprutil1-ldap:amd64 1.6.1-5+deb11u1
2025-06-08 22:11:15 configure libaprutil1-dbd-sqlite3:amd64 1.6.1-5+deb11u1 <none>
2025-06-08 22:11:15 status unpacked libaprutil1-dbd-sqlite3:amd64 1.6.1-5+deb11u1
2025-06-08 22:11:15 status half-configured libaprutil1-dbd-sqlite3:amd64 1.6.1-5+deb11u1
2025-06-08 22:11:15 status installed libaprutil1-dbd-sqlite3:amd64 1.6.1-5+deb11u1
2025-06-08 22:11:15 configure apache2-utils:amd64 2.4.62-1~deb11u2 <none>
2025-06-08 22:11:15 status unpacked apache2-utils:amd64 2.4.62-1~deb11u2
2025-06-08 22:11:15 status half-configured apache2-utils:amd64 2.4.62-1~deb11u2
2025-06-08 22:11:15 status installed apache2-utils:amd64 2.4.62-1~deb11u2
2025-06-08 22:11:15 configure apache2-bin:amd64 2.4.62-1~deb11u2 <none>
2025-06-08 22:11:15 status unpacked apache2-bin:amd64 2.4.62-1~deb11u2
2025-06-08 22:11:15 status half-configured apache2-bin:amd64 2.4.62-1~deb11u2
2025-06-08 22:11:15 status installed apache2-bin:amd64 2.4.62-1~deb11u2
2025-06-08 22:11:15 configure libapache2-mod-php7.4:amd64 7.4.33-1+deb11u8 <none>
2025-06-08 22:11:15 status unpacked libapache2-mod-php7.4:amd64 7.4.33-1+deb11u8
2025-06-08 22:11:15 status half-configured libapache2-mod-php7.4:amd64 7.4.33-1+deb11u8
2025-06-08 22:11:16 status installed libapache2-mod-php7.4:amd64 7.4.33-1+deb11u8
2025-06-08 22:11:16 status triggers-pending libapache2-mod-php7.4:amd64 7.4.33-1+deb11u8
2025-06-08 22:11:16 configure apache2:amd64 2.4.62-1~deb11u2 <none>
2025-06-08 22:11:16 status unpacked apache2:amd64 2.4.62-1~deb11u2
2025-06-08 22:11:18 status half-configured apache2:amd64 2.4.62-1~deb11u2
2025-06-08 22:11:20 status installed apache2:amd64 2.4.62-1~deb11u2
2025-06-08 22:11:20 configure php7.4:all 7.4.33-1+deb11u8 <none>
2025-06-08 22:11:20 status unpacked php7.4:all 7.4.33-1+deb11u8
2025-06-08 22:11:20 status half-configured php7.4:all 7.4.33-1+deb11u8
2025-06-08 22:11:20 status installed php7.4:all 7.4.33-1+deb11u8
2025-06-08 22:11:20 configure libapache2-mod-php:all 2:7.4+76 <none>
2025-06-08 22:11:20 status unpacked libapache2-mod-php:all 2:7.4+76
2025-06-08 22:11:20 status half-configured libapache2-mod-php:all 2:7.4+76
2025-06-08 22:11:20 status installed libapache2-mod-php:all 2:7.4+76
2025-06-08 22:11:20 configure php:all 2:7.4+76 <none>
2025-06-08 22:11:20 status unpacked php:all 2:7.4+76
2025-06-08 22:11:20 status half-configured php:all 2:7.4+76
2025-06-08 22:11:20 status installed php:all 2:7.4+76
2025-06-08 22:11:20 trigproc man-db:amd64 2.9.4-2 <none>
2025-06-08 22:11:20 status half-configured man-db:amd64 2.9.4-2
2025-06-08 22:11:20 status installed man-db:amd64 2.9.4-2
2025-06-08 22:11:20 trigproc libc-bin:amd64 2.31-13+deb11u13 <none>
2025-06-08 22:11:20 status half-configured libc-bin:amd64 2.31-13+deb11u13
2025-06-08 22:11:20 status installed libc-bin:amd64 2.31-13+deb11u13
2025-06-08 22:11:20 trigproc php7.4-cli:amd64 7.4.33-1+deb11u8 <none>
2025-06-08 22:11:20 status half-configured php7.4-cli:amd64 7.4.33-1+deb11u8
2025-06-08 22:11:20 status installed php7.4-cli:amd64 7.4.33-1+deb11u8
2025-06-08 22:11:20 trigproc libapache2-mod-php7.4:amd64 7.4.33-1+deb11u8 <none>
2025-06-08 22:11:20 status half-configured libapache2-mod-php7.4:amd64 7.4.33-1+deb11u8
2025-06-08 22:11:20 status installed libapache2-mod-php7.4:amd64 7.4.33-1+deb11u8
2025-06-09 01:49:00 startup archives unpack
2025-06-09 01:49:01 install php7.4-mysql:amd64 <none> 7.4.33-1+deb11u8
2025-06-09 01:49:01 status triggers-pending libapache2-mod-php7.4:amd64 7.4.33-1+deb11u8
2025-06-09 01:49:01 status half-installed php7.4-mysql:amd64 7.4.33-1+deb11u8
2025-06-09 01:49:01 status unpacked php7.4-mysql:amd64 7.4.33-1+deb11u8
2025-06-09 01:49:01 install php-mysql:all <none> 2:7.4+76
2025-06-09 01:49:01 status half-installed php-mysql:all 2:7.4+76
2025-06-09 01:49:01 status unpacked php-mysql:all 2:7.4+76
2025-06-09 01:49:01 startup packages configure
2025-06-09 01:49:01 configure php7.4-mysql:amd64 7.4.33-1+deb11u8 <none>
2025-06-09 01:49:01 status unpacked php7.4-mysql:amd64 7.4.33-1+deb11u8
2025-06-09 01:49:01 status half-configured php7.4-mysql:amd64 7.4.33-1+deb11u8
2025-06-09 01:49:02 status installed php7.4-mysql:amd64 7.4.33-1+deb11u8
2025-06-09 01:49:02 status triggers-pending php7.4-cli:amd64 7.4.33-1+deb11u8
2025-06-09 01:49:02 configure php-mysql:all 2:7.4+76 <none>
2025-06-09 01:49:02 status unpacked php-mysql:all 2:7.4+76
2025-06-09 01:49:02 status half-configured php-mysql:all 2:7.4+76
2025-06-09 01:49:02 status installed php-mysql:all 2:7.4+76
2025-06-09 01:49:02 trigproc libapache2-mod-php7.4:amd64 7.4.33-1+deb11u8 <none>
2025-06-09 01:49:02 status half-configured libapache2-mod-php7.4:amd64 7.4.33-1+deb11u8
2025-06-09 01:49:02 status installed libapache2-mod-php7.4:amd64 7.4.33-1+deb11u8
2025-06-09 01:49:02 trigproc php7.4-cli:amd64 7.4.33-1+deb11u8 <none>
2025-06-09 01:49:02 status half-configured php7.4-cli:amd64 7.4.33-1+deb11u8
2025-06-09 01:49:02 status installed php7.4-cli:amd64 7.4.33-1+deb11u8
